<?xml version="1.0" encoding="UTF-8"?>
<testsuite xmlns:xsi="http://www.w3.org/2001/XMLSchema-instance" xsi:noNamespaceSchemaLocation="https://maven.apache.org/surefire/maven-surefire-plugin/xsd/surefire-test-report.xsd" name="projet.service.ReadingDigitServiceTest" time="0.109" tests="4" errors="0" skipped="0" failures="0">
  <properties>
[...]
</properties>
  <testcase name="testLookAndSayDifferentDigit1" classname="projet.service.ReadingDigitServiceTest" time="0.008"/>
  <testcase name="testLookAndSayDifferentDigit3" classname="projet.service.ReadingDigitServiceTest" time="0"/>
  <testcase name="testLookAndSaySameDigit1" classname="projet.service.ReadingDigitServiceTest" time="0"/>
  <testcase name="testLookAndSaySameDigit3" classname="projet.service.ReadingDigitServiceTest" time="0"/>
</testsuite>